<?xml version="1.0" encoding="UTF-8"?>
<testng-results ignored="0" total="3" passed="3" failed="0" skipped="0">
  <reporter-output>
  </reporter-output>
  <suite started-at="2022-03-21T19:56:34 IST" name="Suite" finished-at="2022-03-21T19:56:45 IST" duration-ms="10668">
    <groups>
    </groups>
    <test started-at="2022-03-21T19:56:34 IST" name="Test" finished-at="2022-03-21T19:56:45 IST" duration-ms="10668">
      <class name="RSALoginTest">
        <test-method signature="HomePageCheck()[pri:0, instance:RSALoginTest@68c72235]" started-at="2022-03-21T19:56:34 IST" name="HomePageCheck" finished-at="2022-03-21T19:56:45 IST" duration-ms="10264" status="PASS">
          <reporter-output>
          </reporter-output>
        </test-method> <!-- HomePageCheck -->
      </class> <!-- RSALoginTest -->
      <class name="GoogleTest">
        <test-method signature="HomePageCheck()[pri:0, instance:GoogleTest@6b8ca3c8]" started-at="2022-03-21T19:56:34 IST" name="HomePageCheck" finished-at="2022-03-21T19:56:42 IST" duration-ms="7866" status="PASS">
          <reporter-output>
          </reporter-output>
        </test-method> <!-- HomePageCheck -->
      </class> <!-- GoogleTest -->
      <class name="RSATest">
        <test-method signature="HomePageCheck()[pri:0, instance:RSATest@40cb8df7]" started-at="2022-03-21T19:56:34 IST" name="HomePageCheck" finished-at="2022-03-21T19:56:45 IST" duration-ms="10639" status="PASS">
          <reporter-output>
          </reporter-output>
        </test-method> <!-- HomePageCheck -->
      </class> <!-- RSATest -->
    </test> <!-- Test -->
  </suite> <!-- Suite -->
</testng-results>
